<?xml version="1.0" encoding="UTF-8"?>
<coverage generated="1783705627952" clover="3.2.0">
  <project timestamp="1783705627952" name="All files">
    <metrics statements="129" coveredstatements="123" conditionals="132" coveredconditionals="126" methods="29" coveredmethods="27" elements="290" coveredelements="276" complexity="0" loc="129" ncloc="129" packages="3" files="4" classes="4"/>
    <package name="scripts">
      <metrics statements="14" coveredstatements="13" conditionals="4" coveredconditionals="4" methods="5" coveredmethods="4"/>
      <file name="template-lib.js" path="/Users/wojciechmikolajewski/Projects/Codex/sn-app-office-display-manager/scripts/template-lib.js">
        <metrics statements="14" coveredstatements="13" conditionals="4" coveredconditionals="4" methods="5" coveredmethods="4"/>
        <line num="7" count="1" type="stmt"/>
        <line num="8" count="1" type="stmt"/>
        <line num="11" count="1" type="stmt"/>
        <line num="20" count="3" type="cond" truecount="2" falsecount="0"/>
        <line num="21" count="1" type="stmt"/>
        <line num="23" count="2" type="stmt"/>
        <line num="24" count="2" type="cond" truecount="2" falsecount="0"/>
        <line num="25" count="1" type="stmt"/>
        <line num="27" count="1" type="stmt"/>
        <line num="36" count="16" type="stmt"/>
        <line num="38" count="55" type="stmt"/>
        <line num="44" count="0" type="stmt"/>
        <line num="55" count="6" type="stmt"/>
        <line num="69" count="1" type="stmt"/>
      </file>
    </package>
    <package name="src.client.templates">
      <metrics statements="34" coveredstatements="33" conditionals="62" coveredconditionals="59" methods="10" coveredmethods="9"/>
      <file name="player.js" path="/Users/wojciechmikolajewski/Projects/Codex/sn-app-office-display-manager/src/client/templates/player.js">
        <metrics statements="34" coveredstatements="33" conditionals="62" coveredconditionals="59" methods="10" coveredmethods="9"/>
        <line num="9" count="1" type="stmt"/>
        <line num="17" count="44" type="cond" truecount="2" falsecount="0"/>
        <line num="18" count="41" type="stmt"/>
        <line num="19" count="41" type="cond" truecount="2" falsecount="0"/>
        <line num="20" count="32" type="stmt"/>
        <line num="32" count="10" type="stmt"/>
        <line num="33" count="10" type="stmt"/>
        <line num="34" count="10" type="cond" truecount="4" falsecount="0"/>
        <line num="35" count="8" type="cond" truecount="2" falsecount="0"/>
        <line num="36" count="7" type="cond" truecount="4" falsecount="0"/>
        <line num="38" count="3" type="cond" truecount="2" falsecount="0"/>
        <line num="43" count="0" type="stmt"/>
        <line num="48" count="4" type="cond" truecount="4" falsecount="0"/>
        <line num="49" count="3" type="stmt"/>
        <line num="57" count="16" type="cond" truecount="4" falsecount="0"/>
        <line num="58" count="16" type="stmt"/>
        <line num="59" count="16" type="cond" truecount="2" falsecount="0"/>
        <line num="60" count="14" type="stmt"/>
        <line num="61" count="30" type="stmt"/>
        <line num="62" count="30" type="cond" truecount="5" falsecount="0"/>
        <line num="65" count="16" type="cond" truecount="4" falsecount="0"/>
        <line num="66" count="16" type="cond" truecount="4" falsecount="0"/>
        <line num="67" count="16" type="stmt"/>
        <line num="81" count="2" type="cond" truecount="3" falsecount="0"/>
        <line num="86" count="12" type="stmt"/>
        <line num="87" count="12" type="stmt"/>
        <line num="88" count="24" type="stmt"/>
        <line num="89" count="12" type="stmt"/>
        <line num="102" count="6" type="stmt"/>
        <line num="111" count="5" type="cond" truecount="2" falsecount="0"/>
        <line num="112" count="3" type="cond" truecount="2" falsecount="0"/>
        <line num="115" count="1" type="stmt"/>
        <line num="127" count="1" type="stmt"/>
        <line num="129" count="1" type="cond" truecount="3" falsecount="1"/>
      </file>
    </package>
    <package name="src.server">
      <metrics statements="81" coveredstatements="77" conditionals="66" coveredconditionals="63" methods="14" coveredmethods="14"/>
      <file name="deck.ts" path="/Users/wojciechmikolajewski/Projects/Codex/sn-app-office-display-manager/src/server/deck.ts">
        <metrics statements="26" coveredstatements="26" conditionals="34" coveredconditionals="33" methods="5" coveredmethods="5"/>
        <line num="30" count="2" type="stmt"/>
        <line num="31" count="22" type="cond" truecount="4" falsecount="0"/>
        <line num="32" count="18" type="stmt"/>
        <line num="33" count="18" type="stmt"/>
        <line num="34" count="18" type="stmt"/>
        <line num="35" count="32" type="stmt"/>
        <line num="36" count="32" type="cond" truecount="4" falsecount="0"/>
        <line num="37" count="29" type="cond" truecount="5" falsecount="0"/>
        <line num="38" count="24" type="stmt"/>
        <line num="42" count="18" type="stmt"/>
        <line num="46" count="2" type="stmt"/>
        <line num="47" count="24" type="cond" truecount="3" falsecount="1"/>
        <line num="48" count="24" type="cond" truecount="4" falsecount="0"/>
        <line num="49" count="13" type="stmt"/>
        <line num="64" count="2" type="stmt"/>
        <line num="65" count="17" type="cond" truecount="2" falsecount="0"/>
        <line num="66" count="7" type="stmt"/>
        <line num="77" count="10" type="stmt"/>
        <line num="94" count="2" type="stmt"/>
        <line num="95" count="14" type="stmt"/>
        <line num="99" count="2" type="stmt"/>
        <line num="102" count="2" type="stmt"/>
        <line num="103" count="6" type="stmt"/>
        <line num="104" count="6" type="cond" truecount="2" falsecount="0"/>
        <line num="105" count="1" type="stmt"/>
        <line num="107" count="5" type="stmt"/>
      </file>
      <file name="handlers.src.ts" path="/Users/wojciechmikolajewski/Projects/Codex/sn-app-office-display-manager/src/server/handlers.src.ts">
        <metrics statements="55" coveredstatements="51" conditionals="32" coveredconditionals="30" methods="9" coveredmethods="9"/>
        <line num="11" count="1" type="stmt"/>
        <line num="12" count="1" type="stmt"/>
        <line num="13" count="1" type="stmt"/>
        <line num="17" count="8" type="stmt"/>
        <line num="18" count="8" type="stmt"/>
        <line num="19" count="8" type="stmt"/>
        <line num="20" count="8" type="stmt"/>
        <line num="21" count="8" type="stmt"/>
        <line num="22" count="8" type="cond" truecount="2" falsecount="0"/>
        <line num="23" count="6" type="stmt"/>
        <line num="33" count="2" type="stmt"/>
        <line num="38" count="10" type="stmt"/>
        <line num="39" count="10" type="stmt"/>
        <line num="40" count="10" type="stmt"/>
        <line num="41" count="10" type="stmt"/>
        <line num="42" count="8" type="cond" truecount="2" falsecount="0"/>
        <line num="47" count="11" type="cond" truecount="2" falsecount="0"/>
        <line num="49" count="11" type="cond" truecount="2" falsecount="0"/>
        <line num="50" count="10" type="stmt"/>
        <line num="52" count="1" type="stmt"/>
        <line num="53" count="1" type="stmt"/>
        <line num="55" count="9" type="cond" truecount="2" falsecount="0"/>
        <line num="56" count="9" type="stmt"/>
        <line num="60" count="21" type="stmt"/>
        <line num="61" count="21" type="cond" truecount="2" falsecount="0"/>
        <line num="62" count="21" type="cond" truecount="2" falsecount="0"/>
        <line num="64" count="0" type="stmt"/>
        <line num="69" count="4" type="stmt"/>
        <line num="70" count="4" type="cond" truecount="2" falsecount="0"/>
        <line num="71" count="4" type="cond" truecount="2" falsecount="0"/>
        <line num="72" count="3" type="cond" truecount="2" falsecount="0"/>
        <line num="74" count="0" type="stmt"/>
        <line num="79" count="8" type="stmt"/>
        <line num="80" count="8" type="stmt"/>
        <line num="81" count="8" type="stmt"/>
        <line num="85" count="3" type="stmt"/>
        <line num="86" count="3" type="stmt"/>
        <line num="87" count="3" type="stmt"/>
        <line num="91" count="1" type="stmt"/>
        <line num="92" count="4" type="stmt"/>
        <line num="94" count="4" type="cond" truecount="2" falsecount="0"/>
        <line num="95" count="1" type="stmt"/>
        <line num="96" count="1" type="stmt"/>
        <line num="98" count="3" type="stmt"/>
        <line num="99" count="3" type="stmt"/>
        <line num="101" count="1" type="stmt"/>
        <line num="103" count="1" type="cond" truecount="1" falsecount="1"/>
        <line num="105" count="0" type="stmt"/>
        <line num="111" count="1" type="stmt"/>
        <line num="112" count="8" type="cond" truecount="4" falsecount="0"/>
        <line num="115" count="8" type="stmt"/>
        <line num="116" count="8" type="stmt"/>
        <line num="118" count="1" type="stmt"/>
        <line num="119" count="1" type="cond" truecount="1" falsecount="1"/>
        <line num="121" count="0" type="stmt"/>
      </file>
    </package>
  </project>
</coverage>
