<?xml version="1.0" encoding="UTF-8"?>
<coverage generated="1783704283252" clover="3.2.0">
  <project timestamp="1783704283252" name="All files">
    <metrics statements="58" coveredstatements="57" conditionals="92" coveredconditionals="88" methods="14" coveredmethods="13" elements="164" coveredelements="158" complexity="0" loc="58" ncloc="58" packages="2" files="2" classes="2"/>
    <package name="client.templates">
      <metrics statements="32" coveredstatements="31" conditionals="58" coveredconditionals="55" methods="9" coveredmethods="8"/>
      <file name="player.js" path="/Users/wojciechmikolajewski/Projects/Codex/sn-app-office-display-manager/src/client/templates/player.js">
        <metrics statements="32" coveredstatements="31" conditionals="58" coveredconditionals="55" methods="9" coveredmethods="8"/>
        <line num="9" count="1" type="stmt"/>
        <line num="17" count="44" type="cond" truecount="2" falsecount="0"/>
        <line num="18" count="41" type="stmt"/>
        <line num="19" count="41" type="cond" truecount="2" falsecount="0"/>
        <line num="20" count="32" type="stmt"/>
        <line num="32" count="10" type="stmt"/>
        <line num="33" count="10" type="stmt"/>
        <line num="34" count="10" type="cond" truecount="4" falsecount="0"/>
        <line num="35" count="8" type="cond" truecount="2" falsecount="0"/>
        <line num="36" count="7" type="cond" truecount="4" falsecount="0"/>
        <line num="38" count="3" type="cond" truecount="2" falsecount="0"/>
        <line num="43" count="0" type="stmt"/>
        <line num="48" count="4" type="cond" truecount="4" falsecount="0"/>
        <line num="49" count="3" type="stmt"/>
        <line num="57" count="16" type="cond" truecount="4" falsecount="0"/>
        <line num="58" count="16" type="stmt"/>
        <line num="59" count="16" type="cond" truecount="2" falsecount="0"/>
        <line num="60" count="14" type="stmt"/>
        <line num="61" count="30" type="stmt"/>
        <line num="62" count="30" type="cond" truecount="5" falsecount="0"/>
        <line num="65" count="16" type="cond" truecount="4" falsecount="0"/>
        <line num="66" count="16" type="cond" truecount="4" falsecount="0"/>
        <line num="67" count="16" type="stmt"/>
        <line num="81" count="2" type="cond" truecount="3" falsecount="0"/>
        <line num="86" count="12" type="stmt"/>
        <line num="87" count="12" type="stmt"/>
        <line num="88" count="24" type="stmt"/>
        <line num="89" count="12" type="stmt"/>
        <line num="102" count="6" type="stmt"/>
        <line num="105" count="1" type="stmt"/>
        <line num="116" count="1" type="stmt"/>
        <line num="118" count="1" type="cond" truecount="3" falsecount="1"/>
      </file>
    </package>
    <package name="server">
      <metrics statements="26" coveredstatements="26" conditionals="34" coveredconditionals="33" methods="5" coveredmethods="5"/>
      <file name="deck.ts" path="/Users/wojciechmikolajewski/Projects/Codex/sn-app-office-display-manager/src/server/deck.ts">
        <metrics statements="26" coveredstatements="26" conditionals="34" coveredconditionals="33" methods="5" coveredmethods="5"/>
        <line num="30" count="1" type="stmt"/>
        <line num="31" count="16" type="cond" truecount="4" falsecount="0"/>
        <line num="32" count="12" type="stmt"/>
        <line num="33" count="12" type="stmt"/>
        <line num="34" count="12" type="stmt"/>
        <line num="35" count="21" type="stmt"/>
        <line num="36" count="21" type="cond" truecount="4" falsecount="0"/>
        <line num="37" count="18" type="cond" truecount="5" falsecount="0"/>
        <line num="38" count="13" type="stmt"/>
        <line num="42" count="12" type="stmt"/>
        <line num="46" count="1" type="stmt"/>
        <line num="47" count="12" type="cond" truecount="3" falsecount="1"/>
        <line num="48" count="12" type="cond" truecount="4" falsecount="0"/>
        <line num="49" count="3" type="stmt"/>
        <line num="64" count="1" type="stmt"/>
        <line num="65" count="6" type="cond" truecount="2" falsecount="0"/>
        <line num="66" count="2" type="stmt"/>
        <line num="77" count="4" type="stmt"/>
        <line num="94" count="1" type="stmt"/>
        <line num="95" count="3" type="stmt"/>
        <line num="99" count="1" type="stmt"/>
        <line num="102" count="1" type="stmt"/>
        <line num="103" count="3" type="stmt"/>
        <line num="104" count="3" type="cond" truecount="2" falsecount="0"/>
        <line num="105" count="1" type="stmt"/>
        <line num="107" count="2" type="stmt"/>
      </file>
    </package>
  </project>
</coverage>
