{"/Users/wojciechmikolajewski/Projects/Codex/sn-app-office-display-manager/src/client/templates/player.js": {"path":"/Users/wojciechmikolajewski/Projects/Codex/sn-app-office-display-manager/src/client/templates/player.js","statementMap":{"0":{"start":{"line":9,"column":0},"end":{"line":119,"column":55}},"1":{"start":{"line":17,"column":8},"end":{"line":17,"column":50}},"2":{"start":{"line":17,"column":39},"end":{"line":17,"column":50}},"3":{"start":{"line":18,"column":16},"end":{"line":18,"column":65}},"4":{"start":{"line":19,"column":8},"end":{"line":19,"column":27}},"5":{"start":{"line":19,"column":16},"end":{"line":19,"column":27}},"6":{"start":{"line":20,"column":8},"end":{"line":20,"column":59}},"7":{"start":{"line":32,"column":20},"end":{"line":32,"column":39}},"8":{"start":{"line":33,"column":18},"end":{"line":33,"column":35}},"9":{"start":{"line":34,"column":8},"end":{"line":34,"column":55}},"10":{"start":{"line":34,"column":44},"end":{"line":34,"column":55}},"11":{"start":{"line":35,"column":8},"end":{"line":35,"column":38}},"12":{"start":{"line":35,"column":27},"end":{"line":35,"column":38}},"13":{"start":{"line":36,"column":8},"end":{"line":36,"column":71}},"14":{"start":{"line":36,"column":25},"end":{"line":36,"column":71}},"15":{"start":{"line":38,"column":8},"end":{"line":38,"column":54}},"16":{"start":{"line":43,"column":8},"end":{"line":43,"column":55}},"17":{"start":{"line":48,"column":8},"end":{"line":48,"column":52}},"18":{"start":{"line":48,"column":44},"end":{"line":48,"column":52}},"19":{"start":{"line":49,"column":8},"end":{"line":49,"column":41}},"20":{"start":{"line":57,"column":16},"end":{"line":57,"column":57}},"21":{"start":{"line":58,"column":21},"end":{"line":58,"column":23}},"22":{"start":{"line":59,"column":8},"end":{"line":64,"column":9}},"23":{"start":{"line":60,"column":12},"end":{"line":63,"column":13}},"24":{"start":{"line":60,"column":25},"end":{"line":60,"column":26}},"25":{"start":{"line":61,"column":24},"end":{"line":61,"column":35}},"26":{"start":{"line":62,"column":16},"end":{"line":62,"column":99}},"27":{"start":{"line":62,"column":72},"end":{"line":62,"column":99}},"28":{"start":{"line":65,"column":23},"end":{"line":65,"column":104}},"29":{"start":{"line":66,"column":22},"end":{"line":66,"column":111}},"30":{"start":{"line":67,"column":8},"end":{"line":76,"column":9}},"31":{"start":{"line":81,"column":8},"end":{"line":81,"column":71}},"32":{"start":{"line":86,"column":16},"end":{"line":86,"column":35}},"33":{"start":{"line":87,"column":19},"end":{"line":87,"column":21}},"34":{"start":{"line":88,"column":8},"end":{"line":88,"column":76}},"35":{"start":{"line":88,"column":21},"end":{"line":88,"column":22}},"36":{"start":{"line":88,"column":50},"end":{"line":88,"column":76}},"37":{"start":{"line":89,"column":8},"end":{"line":97,"column":19}},"38":{"start":{"line":102,"column":8},"end":{"line":102,"column":67}},"39":{"start":{"line":105,"column":20},"end":{"line":114,"column":5}},"40":{"start":{"line":116,"column":4},"end":{"line":116,"column":32}},"41":{"start":{"line":118,"column":4},"end":{"line":118,"column":83}},"42":{"start":{"line":118,"column":57},"end":{"line":118,"column":83}}},"fnMap":{"0":{"name":"(anonymous_0)","decl":{"start":{"line":9,"column":1},"end":{"line":9,"column":2}},"loc":{"start":{"line":9,"column":19},"end":{"line":119,"column":1}},"line":9},"1":{"name":"parseHHMM","decl":{"start":{"line":16,"column":13},"end":{"line":16,"column":22}},"loc":{"start":{"line":16,"column":30},"end":{"line":21,"column":5}},"line":16},"2":{"name":"isWithinHours","decl":{"start":{"line":31,"column":13},"end":{"line":31,"column":26}},"loc":{"start":{"line":31,"column":57},"end":{"line":39,"column":5}},"line":31},"3":{"name":"minutesOfDay","decl":{"start":{"line":42,"column":13},"end":{"line":42,"column":25}},"loc":{"start":{"line":42,"column":32},"end":{"line":44,"column":5}},"line":42},"4":{"name":"nextIndex","decl":{"start":{"line":47,"column":13},"end":{"line":47,"column":22}},"loc":{"start":{"line":47,"column":44},"end":{"line":50,"column":5}},"line":47},"5":{"name":"normalizeDeck","decl":{"start":{"line":56,"column":13},"end":{"line":56,"column":26}},"loc":{"start":{"line":56,"column":32},"end":{"line":77,"column":5}},"line":56},"6":{"name":"isPlayable","decl":{"start":{"line":80,"column":13},"end":{"line":80,"column":23}},"loc":{"start":{"line":80,"column":30},"end":{"line":82,"column":5}},"line":80},"7":{"name":"fingerprint","decl":{"start":{"line":85,"column":13},"end":{"line":85,"column":24}},"loc":{"start":{"line":85,"column":31},"end":{"line":98,"column":5}},"line":85},"8":{"name":"deckChanged","decl":{"start":{"line":101,"column":13},"end":{"line":101,"column":24}},"loc":{"start":{"line":101,"column":50},"end":{"line":103,"column":5}},"line":101}},"branchMap":{"0":{"loc":{"start":{"line":17,"column":8},"end":{"line":17,"column":50}},"type":"if","locations":[{"start":{"line":17,"column":8},"end":{"line":17,"column":50}},{"start":{},"end":{}}],"line":17},"1":{"loc":{"start":{"line":19,"column":8},"end":{"line":19,"column":27}},"type":"if","locations":[{"start":{"line":19,"column":8},"end":{"line":19,"column":27}},{"start":{},"end":{}}],"line":19},"2":{"loc":{"start":{"line":34,"column":8},"end":{"line":34,"column":55}},"type":"if","locations":[{"start":{"line":34,"column":8},"end":{"line":34,"column":55}},{"start":{},"end":{}}],"line":34},"3":{"loc":{"start":{"line":34,"column":12},"end":{"line":34,"column":42}},"type":"binary-expr","locations":[{"start":{"line":34,"column":12},"end":{"line":34,"column":26}},{"start":{"line":34,"column":30},"end":{"line":34,"column":42}}],"line":34},"4":{"loc":{"start":{"line":35,"column":8},"end":{"line":35,"column":38}},"type":"if","locations":[{"start":{"line":35,"column":8},"end":{"line":35,"column":38}},{"start":{},"end":{}}],"line":35},"5":{"loc":{"start":{"line":36,"column":8},"end":{"line":36,"column":71}},"type":"if","locations":[{"start":{"line":36,"column":8},"end":{"line":36,"column":71}},{"start":{},"end":{}}],"line":36},"6":{"loc":{"start":{"line":36,"column":32},"end":{"line":36,"column":71}},"type":"binary-expr","locations":[{"start":{"line":36,"column":32},"end":{"line":36,"column":51}},{"start":{"line":36,"column":55},"end":{"line":36,"column":71}}],"line":36},"7":{"loc":{"start":{"line":38,"column":15},"end":{"line":38,"column":54}},"type":"binary-expr","locations":[{"start":{"line":38,"column":15},"end":{"line":38,"column":34}},{"start":{"line":38,"column":38},"end":{"line":38,"column":54}}],"line":38},"8":{"loc":{"start":{"line":48,"column":8},"end":{"line":48,"column":52}},"type":"if","locations":[{"start":{"line":48,"column":8},"end":{"line":48,"column":52}},{"start":{},"end":{}}],"line":48},"9":{"loc":{"start":{"line":48,"column":12},"end":{"line":48,"column":42}},"type":"binary-expr","locations":[{"start":{"line":48,"column":12},"end":{"line":48,"column":23}},{"start":{"line":48,"column":27},"end":{"line":48,"column":42}}],"line":48},"10":{"loc":{"start":{"line":57,"column":16},"end":{"line":57,"column":57}},"type":"cond-expr","locations":[{"start":{"line":57,"column":49},"end":{"line":57,"column":52}},{"start":{"line":57,"column":55},"end":{"line":57,"column":57}}],"line":57},"11":{"loc":{"start":{"line":57,"column":16},"end":{"line":57,"column":46}},"type":"binary-expr","locations":[{"start":{"line":57,"column":16},"end":{"line":57,"column":19}},{"start":{"line":57,"column":23},"end":{"line":57,"column":46}}],"line":57},"12":{"loc":{"start":{"line":59,"column":8},"end":{"line":64,"column":9}},"type":"if","locations":[{"start":{"line":59,"column":8},"end":{"line":64,"column":9}},{"start":{},"end":{}}],"line":59},"13":{"loc":{"start":{"line":62,"column":16},"end":{"line":62,"column":99}},"type":"if","locations":[{"start":{"line":62,"column":16},"end":{"line":62,"column":99}},{"start":{},"end":{}}],"line":62},"14":{"loc":{"start":{"line":62,"column":20},"end":{"line":62,"column":70}},"type":"binary-expr","locations":[{"start":{"line":62,"column":20},"end":{"line":62,"column":21}},{"start":{"line":62,"column":25},"end":{"line":62,"column":50}},{"start":{"line":62,"column":54},"end":{"line":62,"column":70}}],"line":62},"15":{"loc":{"start":{"line":65,"column":23},"end":{"line":65,"column":104}},"type":"cond-expr","locations":[{"start":{"line":65,"column":84},"end":{"line":65,"column":99}},{"start":{"line":65,"column":102},"end":{"line":65,"column":104}}],"line":65},"16":{"loc":{"start":{"line":65,"column":23},"end":{"line":65,"column":81}},"type":"binary-expr","locations":[{"start":{"line":65,"column":23},"end":{"line":65,"column":58}},{"start":{"line":65,"column":62},"end":{"line":65,"column":81}}],"line":65},"17":{"loc":{"start":{"line":66,"column":22},"end":{"line":66,"column":111}},"type":"cond-expr","locations":[{"start":{"line":66,"column":89},"end":{"line":66,"column":106}},{"start":{"line":66,"column":109},"end":{"line":66,"column":111}}],"line":66},"18":{"loc":{"start":{"line":66,"column":22},"end":{"line":66,"column":86}},"type":"binary-expr","locations":[{"start":{"line":66,"column":22},"end":{"line":66,"column":59}},{"start":{"line":66,"column":63},"end":{"line":66,"column":86}}],"line":66},"19":{"loc":{"start":{"line":68,"column":20},"end":{"line":68,"column":64}},"type":"cond-expr","locations":[{"start":{"line":68,"column":51},"end":{"line":68,"column":59}},{"start":{"line":68,"column":62},"end":{"line":68,"column":64}}],"line":68},"20":{"loc":{"start":{"line":69,"column":23},"end":{"line":69,"column":73}},"type":"cond-expr","locations":[{"start":{"line":69,"column":57},"end":{"line":69,"column":68}},{"start":{"line":69,"column":71},"end":{"line":69,"column":73}}],"line":69},"21":{"loc":{"start":{"line":74,"column":24},"end":{"line":74,"column":76}},"type":"cond-expr","locations":[{"start":{"line":74,"column":59},"end":{"line":74,"column":71}},{"start":{"line":74,"column":74},"end":{"line":74,"column":76}}],"line":74},"22":{"loc":{"start":{"line":75,"column":22},"end":{"line":75,"column":70}},"type":"cond-expr","locations":[{"start":{"line":75,"column":55},"end":{"line":75,"column":65}},{"start":{"line":75,"column":68},"end":{"line":75,"column":70}}],"line":75},"23":{"loc":{"start":{"line":81,"column":15},"end":{"line":81,"column":71}},"type":"binary-expr","locations":[{"start":{"line":81,"column":15},"end":{"line":81,"column":21}},{"start":{"line":81,"column":25},"end":{"line":81,"column":45}},{"start":{"line":81,"column":49},"end":{"line":81,"column":71}}],"line":81},"24":{"loc":{"start":{"line":91,"column":12},"end":{"line":91,"column":32}},"type":"cond-expr","locations":[{"start":{"line":91,"column":23},"end":{"line":91,"column":26}},{"start":{"line":91,"column":29},"end":{"line":91,"column":32}}],"line":91},"25":{"loc":{"start":{"line":118,"column":4},"end":{"line":118,"column":83}},"type":"if","locations":[{"start":{"line":118,"column":4},"end":{"line":118,"column":83}},{"start":{},"end":{}}],"line":118},"26":{"loc":{"start":{"line":118,"column":8},"end":{"line":118,"column":55}},"type":"binary-expr","locations":[{"start":{"line":118,"column":8},"end":{"line":118,"column":37}},{"start":{"line":118,"column":41},"end":{"line":118,"column":55}}],"line":118},"27":{"loc":{"start":{"line":119,"column":3},"end":{"line":119,"column":54}},"type":"cond-expr","locations":[{"start":{"line":119,"column":35},"end":{"line":119,"column":41}},{"start":{"line":119,"column":44},"end":{"line":119,"column":54}}],"line":119}},"s":{"0":1,"1":44,"2":3,"3":41,"4":41,"5":9,"6":32,"7":10,"8":10,"9":10,"10":2,"11":8,"12":1,"13":7,"14":4,"15":3,"16":0,"17":4,"18":1,"19":3,"20":16,"21":16,"22":16,"23":14,"24":14,"25":30,"26":30,"27":27,"28":16,"29":16,"30":16,"31":2,"32":12,"33":12,"34":12,"35":12,"36":24,"37":12,"38":6,"39":1,"40":1,"41":1,"42":1},"f":{"0":1,"1":44,"2":10,"3":0,"4":4,"5":16,"6":2,"7":12,"8":6},"b":{"0":[3,41],"1":[9,32],"2":[2,8],"3":[10,8],"4":[1,7],"5":[4,3],"6":[4,3],"7":[3,2],"8":[1,3],"9":[4,3],"10":[15,1],"11":[16,15],"12":[14,2],"13":[27,3],"14":[30,29,28],"15":[12,4],"16":[16,13],"17":[12,4],"18":[16,13],"19":[0,16],"20":[12,4],"21":[12,4],"22":[12,4],"23":[2,2,1],"24":[11,1],"25":[1,0],"26":[1,1],"27":[0,1]},"inputSourceMap":null,"_coverageSchema":"1a1c01bbd47fc00a2c39e90264f33305004495a9","hash":"a2acc51617d9fde3144f5eecdbf8c972c16fce8b"}
,"/Users/wojciechmikolajewski/Projects/Codex/sn-app-office-display-manager/src/server/deck.ts": {"path":"/Users/wojciechmikolajewski/Projects/Codex/sn-app-office-display-manager/src/server/deck.ts","statementMap":{"0":{"start":{"line":30,"column":0},"end":{"line":30,"column":16}},"1":{"start":{"line":46,"column":0},"end":{"line":46,"column":16}},"2":{"start":{"line":64,"column":0},"end":{"line":64,"column":16}},"3":{"start":{"line":94,"column":0},"end":{"line":94,"column":16}},"4":{"start":{"line":102,"column":0},"end":{"line":102,"column":16}},"5":{"start":{"line":31,"column":4},"end":{"line":31,"column":null}},"6":{"start":{"line":31,"column":41},"end":{"line":31,"column":null}},"7":{"start":{"line":32,"column":25},"end":{"line":32,"column":27}},"8":{"start":{"line":33,"column":20},"end":{"line":33,"column":41}},"9":{"start":{"line":34,"column":4},"end":{"line":41,"column":5}},"10":{"start":{"line":34,"column":17},"end":{"line":34,"column":18}},"11":{"start":{"line":35,"column":22},"end":{"line":35,"column":39}},"12":{"start":{"line":36,"column":8},"end":{"line":36,"column":55}},"13":{"start":{"line":36,"column":47},"end":{"line":36,"column":55}},"14":{"start":{"line":37,"column":8},"end":{"line":39,"column":9}},"15":{"start":{"line":38,"column":12},"end":{"line":38,"column":null}},"16":{"start":{"line":42,"column":4},"end":{"line":42,"column":null}},"17":{"start":{"line":47,"column":14},"end":{"line":47,"column":103}},"18":{"start":{"line":48,"column":4},"end":{"line":48,"column":null}},"19":{"start":{"line":48,"column":29},"end":{"line":48,"column":null}},"20":{"start":{"line":49,"column":4},"end":{"line":49,"column":null}},"21":{"start":{"line":65,"column":4},"end":{"line":76,"column":5}},"22":{"start":{"line":66,"column":8},"end":{"line":75,"column":null}},"23":{"start":{"line":77,"column":4},"end":{"line":86,"column":null}},"24":{"start":{"line":95,"column":4},"end":{"line":95,"column":null}},"25":{"start":{"line":99,"column":13},"end":{"line":99,"column":null}},"26":{"start":{"line":103,"column":16},"end":{"line":103,"column":56}},"27":{"start":{"line":104,"column":4},"end":{"line":106,"column":5}},"28":{"start":{"line":105,"column":8},"end":{"line":105,"column":null}},"29":{"start":{"line":107,"column":4},"end":{"line":107,"column":null}}},"fnMap":{"0":{"name":"parseLinks","decl":{"start":{"line":30,"column":16},"end":{"line":30,"column":26}},"loc":{"start":{"line":30,"column":57},"end":{"line":43,"column":1}}},"1":{"name":"toPositiveInt","decl":{"start":{"line":46,"column":16},"end":{"line":46,"column":29}},"loc":{"start":{"line":46,"column":75},"end":{"line":50,"column":1}}},"2":{"name":"buildDeck","decl":{"start":{"line":64,"column":16},"end":{"line":64,"column":25}},"loc":{"start":{"line":64,"column":72},"end":{"line":87,"column":1}}},"3":{"name":"escapeDeckJson","decl":{"start":{"line":94,"column":16},"end":{"line":94,"column":30}},"loc":{"start":{"line":94,"column":41},"end":{"line":96,"column":1}}},"4":{"name":"injectDeck","decl":{"start":{"line":102,"column":16},"end":{"line":102,"column":26}},"loc":{"start":{"line":102,"column":59},"end":{"line":108,"column":1}}}},"branchMap":{"0":{"loc":{"start":{"line":31,"column":4},"end":{"line":31,"column":null}},"type":"if","locations":[{"start":{"line":31,"column":4},"end":{"line":31,"column":null}},{"start":{},"end":{}}]},"1":{"loc":{"start":{"line":31,"column":8},"end":{"line":31,"column":39}},"type":"binary-expr","locations":[{"start":{"line":31,"column":8},"end":{"line":31,"column":12}},{"start":{"line":31,"column":16},"end":{"line":31,"column":39}}]},"2":{"loc":{"start":{"line":36,"column":8},"end":{"line":36,"column":55}},"type":"if","locations":[{"start":{"line":36,"column":8},"end":{"line":36,"column":55}},{"start":{},"end":{}}]},"3":{"loc":{"start":{"line":36,"column":12},"end":{"line":36,"column":45}},"type":"binary-expr","locations":[{"start":{"line":36,"column":12},"end":{"line":36,"column":18}},{"start":{"line":36,"column":22},"end":{"line":36,"column":45}}]},"4":{"loc":{"start":{"line":37,"column":8},"end":{"line":39,"column":9}},"type":"if","locations":[{"start":{"line":37,"column":8},"end":{"line":39,"column":9}},{"start":{},"end":{}}]},"5":{"loc":{"start":{"line":37,"column":12},"end":{"line":37,"column":97}},"type":"binary-expr","locations":[{"start":{"line":37,"column":12},"end":{"line":37,"column":43}},{"start":{"line":37,"column":48},"end":{"line":37,"column":71}},{"start":{"line":37,"column":75},"end":{"line":37,"column":96}}]},"6":{"loc":{"start":{"line":47,"column":14},"end":{"line":47,"column":103}},"type":"cond-expr","locations":[{"start":{"line":47,"column":42},"end":{"line":47,"column":61}},{"start":{"line":47,"column":64},"end":{"line":47,"column":103}}]},"7":{"loc":{"start":{"line":47,"column":64},"end":{"line":47,"column":103}},"type":"cond-expr","locations":[{"start":{"line":47,"column":92},"end":{"line":47,"column":97}},{"start":{"line":47,"column":100},"end":{"line":47,"column":103}}]},"8":{"loc":{"start":{"line":48,"column":4},"end":{"line":48,"column":null}},"type":"if","locations":[{"start":{"line":48,"column":4},"end":{"line":48,"column":null}},{"start":{},"end":{}}]},"9":{"loc":{"start":{"line":48,"column":8},"end":{"line":48,"column":27}},"type":"binary-expr","locations":[{"start":{"line":48,"column":8},"end":{"line":48,"column":16}},{"start":{"line":48,"column":20},"end":{"line":48,"column":27}}]},"10":{"loc":{"start":{"line":65,"column":4},"end":{"line":76,"column":5}},"type":"if","locations":[{"start":{"line":65,"column":4},"end":{"line":76,"column":5}},{"start":{},"end":{}}]},"11":{"loc":{"start":{"line":79,"column":19},"end":{"line":79,"column":36}},"type":"binary-expr","locations":[{"start":{"line":79,"column":19},"end":{"line":79,"column":30}},{"start":{"line":79,"column":34},"end":{"line":79,"column":36}}]},"12":{"loc":{"start":{"line":80,"column":16},"end":{"line":80,"column":91}},"type":"binary-expr","locations":[{"start":{"line":80,"column":16},"end":{"line":80,"column":38}},{"start":{"line":80,"column":42},"end":{"line":80,"column":66}},{"start":{"line":80,"column":70},"end":{"line":80,"column":91}}]},"13":{"loc":{"start":{"line":84,"column":20},"end":{"line":84,"column":44}},"type":"binary-expr","locations":[{"start":{"line":84,"column":20},"end":{"line":84,"column":38}},{"start":{"line":84,"column":42},"end":{"line":84,"column":44}}]},"14":{"loc":{"start":{"line":85,"column":18},"end":{"line":85,"column":40}},"type":"binary-expr","locations":[{"start":{"line":85,"column":18},"end":{"line":85,"column":34}},{"start":{"line":85,"column":38},"end":{"line":85,"column":40}}]},"15":{"loc":{"start":{"line":104,"column":4},"end":{"line":106,"column":5}},"type":"if","locations":[{"start":{"line":104,"column":4},"end":{"line":106,"column":5}},{"start":{},"end":{}}]}},"s":{"0":1,"1":1,"2":1,"3":1,"4":1,"5":16,"6":4,"7":12,"8":12,"9":12,"10":12,"11":21,"12":21,"13":3,"14":18,"15":13,"16":12,"17":12,"18":12,"19":9,"20":3,"21":6,"22":2,"23":4,"24":3,"25":1,"26":3,"27":3,"28":1,"29":2},"f":{"0":16,"1":12,"2":6,"3":3,"4":3},"b":{"0":[4,12],"1":[16,12],"2":[3,18],"3":[21,19],"4":[13,5],"5":[18,14,9],"6":[5,7],"7":[0,7],"8":[9,3],"9":[12,4],"10":[2,4],"11":[4,1],"12":[4,4,1],"13":[4,3],"14":[4,3],"15":[1,2]}}
}
