TN:
SF:src/client/templates/player.js
FN:9,(anonymous_0)
FN:16,parseHHMM
FN:31,isWithinHours
FN:42,minutesOfDay
FN:47,nextIndex
FN:56,normalizeDeck
FN:80,isPlayable
FN:85,fingerprint
FN:101,deckChanged
FNF:9
FNH:8
FNDA:1,(anonymous_0)
FNDA:44,parseHHMM
FNDA:10,isWithinHours
FNDA:0,minutesOfDay
FNDA:4,nextIndex
FNDA:16,normalizeDeck
FNDA:2,isPlayable
FNDA:12,fingerprint
FNDA:6,deckChanged
DA:9,1
DA:17,44
DA:18,41
DA:19,41
DA:20,32
DA:32,10
DA:33,10
DA:34,10
DA:35,8
DA:36,7
DA:38,3
DA:43,0
DA:48,4
DA:49,3
DA:57,16
DA:58,16
DA:59,16
DA:60,14
DA:61,30
DA:62,30
DA:65,16
DA:66,16
DA:67,16
DA:81,2
DA:86,12
DA:87,12
DA:88,24
DA:89,12
DA:102,6
DA:105,1
DA:116,1
DA:118,1
LF:32
LH:31
BRDA:17,0,0,3
BRDA:17,0,1,41
BRDA:19,1,0,9
BRDA:19,1,1,32
BRDA:34,2,0,2
BRDA:34,2,1,8
BRDA:34,3,0,10
BRDA:34,3,1,8
BRDA:35,4,0,1
BRDA:35,4,1,7
BRDA:36,5,0,4
BRDA:36,5,1,3
BRDA:36,6,0,4
BRDA:36,6,1,3
BRDA:38,7,0,3
BRDA:38,7,1,2
BRDA:48,8,0,1
BRDA:48,8,1,3
BRDA:48,9,0,4
BRDA:48,9,1,3
BRDA:57,10,0,15
BRDA:57,10,1,1
BRDA:57,11,0,16
BRDA:57,11,1,15
BRDA:59,12,0,14
BRDA:59,12,1,2
BRDA:62,13,0,27
BRDA:62,13,1,3
BRDA:62,14,0,30
BRDA:62,14,1,29
BRDA:62,14,2,28
BRDA:65,15,0,12
BRDA:65,15,1,4
BRDA:65,16,0,16
BRDA:65,16,1,13
BRDA:66,17,0,12
BRDA:66,17,1,4
BRDA:66,18,0,16
BRDA:66,18,1,13
BRDA:68,19,0,0
BRDA:68,19,1,16
BRDA:69,20,0,12
BRDA:69,20,1,4
BRDA:74,21,0,12
BRDA:74,21,1,4
BRDA:75,22,0,12
BRDA:75,22,1,4
BRDA:81,23,0,2
BRDA:81,23,1,2
BRDA:81,23,2,1
BRDA:91,24,0,11
BRDA:91,24,1,1
BRDA:118,25,0,1
BRDA:118,25,1,0
BRDA:118,26,0,1
BRDA:118,26,1,1
BRDA:119,27,0,0
BRDA:119,27,1,1
BRF:58
BRH:55
end_of_record
TN:
SF:src/server/deck.ts
FN:30,parseLinks
FN:46,toPositiveInt
FN:64,buildDeck
FN:94,escapeDeckJson
FN:102,injectDeck
FNF:5
FNH:5
FNDA:16,parseLinks
FNDA:12,toPositiveInt
FNDA:6,buildDeck
FNDA:3,escapeDeckJson
FNDA:3,injectDeck
DA:30,1
DA:31,16
DA:32,12
DA:33,12
DA:34,12
DA:35,21
DA:36,21
DA:37,18
DA:38,13
DA:42,12
DA:46,1
DA:47,12
DA:48,12
DA:49,3
DA:64,1
DA:65,6
DA:66,2
DA:77,4
DA:94,1
DA:95,3
DA:99,1
DA:102,1
DA:103,3
DA:104,3
DA:105,1
DA:107,2
LF:26
LH:26
BRDA:31,0,0,4
BRDA:31,0,1,12
BRDA:31,1,0,16
BRDA:31,1,1,12
BRDA:36,2,0,3
BRDA:36,2,1,18
BRDA:36,3,0,21
BRDA:36,3,1,19
BRDA:37,4,0,13
BRDA:37,4,1,5
BRDA:37,5,0,18
BRDA:37,5,1,14
BRDA:37,5,2,9
BRDA:47,6,0,5
BRDA:47,6,1,7
BRDA:47,7,0,0
BRDA:47,7,1,7
BRDA:48,8,0,9
BRDA:48,8,1,3
BRDA:48,9,0,12
BRDA:48,9,1,4
BRDA:65,10,0,2
BRDA:65,10,1,4
BRDA:79,11,0,4
BRDA:79,11,1,1
BRDA:80,12,0,4
BRDA:80,12,1,4
BRDA:80,12,2,1
BRDA:84,13,0,4
BRDA:84,13,1,3
BRDA:85,14,0,4
BRDA:85,14,1,3
BRDA:104,15,0,1
BRDA:104,15,1,2
BRF:34
BRH:33
end_of_record
