TN:
SF:scripts/template-lib.js
FN:19,inlinePlayerScript
FN:35,stripLocalImports
FN:38,(anonymous_2)
FN:43,generateTemplatesModule
FN:54,generateRoutesModule
FNF:5
FNH:4
FNDA:3,inlinePlayerScript
FNDA:16,stripLocalImports
FNDA:55,(anonymous_2)
FNDA:0,generateTemplatesModule
FNDA:6,generateRoutesModule
DA:7,1
DA:8,1
DA:11,1
DA:20,3
DA:21,1
DA:23,2
DA:24,2
DA:25,1
DA:27,1
DA:36,16
DA:38,55
DA:44,0
DA:55,6
DA:69,1
LF:14
LH:13
BRDA:20,0,0,1
BRDA:20,0,1,2
BRDA:24,1,0,1
BRDA:24,1,1,1
BRF:4
BRH:4
end_of_record
TN:
SF:src/client/templates/player.js
FN:9,(anonymous_0)
FN:16,parseHHMM
FN:31,isWithinHours
FN:42,minutesOfDay
FN:47,nextIndex
FN:56,normalizeDeck
FN:80,isPlayable
FN:85,fingerprint
FN:101,deckChanged
FN:110,addCacheBuster
FNF:10
FNH:9
FNDA:1,(anonymous_0)
FNDA:44,parseHHMM
FNDA:10,isWithinHours
FNDA:0,minutesOfDay
FNDA:4,nextIndex
FNDA:16,normalizeDeck
FNDA:2,isPlayable
FNDA:12,fingerprint
FNDA:6,deckChanged
FNDA:5,addCacheBuster
DA:9,1
DA:17,44
DA:18,41
DA:19,41
DA:20,32
DA:32,10
DA:33,10
DA:34,10
DA:35,8
DA:36,7
DA:38,3
DA:43,0
DA:48,4
DA:49,3
DA:57,16
DA:58,16
DA:59,16
DA:60,14
DA:61,30
DA:62,30
DA:65,16
DA:66,16
DA:67,16
DA:81,2
DA:86,12
DA:87,12
DA:88,24
DA:89,12
DA:102,6
DA:111,5
DA:112,3
DA:115,1
DA:127,1
DA:129,1
LF:34
LH:33
BRDA:17,0,0,3
BRDA:17,0,1,41
BRDA:19,1,0,9
BRDA:19,1,1,32
BRDA:34,2,0,2
BRDA:34,2,1,8
BRDA:34,3,0,10
BRDA:34,3,1,8
BRDA:35,4,0,1
BRDA:35,4,1,7
BRDA:36,5,0,4
BRDA:36,5,1,3
BRDA:36,6,0,4
BRDA:36,6,1,3
BRDA:38,7,0,3
BRDA:38,7,1,2
BRDA:48,8,0,1
BRDA:48,8,1,3
BRDA:48,9,0,4
BRDA:48,9,1,3
BRDA:57,10,0,15
BRDA:57,10,1,1
BRDA:57,11,0,16
BRDA:57,11,1,15
BRDA:59,12,0,14
BRDA:59,12,1,2
BRDA:62,13,0,27
BRDA:62,13,1,3
BRDA:62,14,0,30
BRDA:62,14,1,29
BRDA:62,14,2,28
BRDA:65,15,0,12
BRDA:65,15,1,4
BRDA:65,16,0,16
BRDA:65,16,1,13
BRDA:66,17,0,12
BRDA:66,17,1,4
BRDA:66,18,0,16
BRDA:66,18,1,13
BRDA:68,19,0,0
BRDA:68,19,1,16
BRDA:69,20,0,12
BRDA:69,20,1,4
BRDA:74,21,0,12
BRDA:74,21,1,4
BRDA:75,22,0,12
BRDA:75,22,1,4
BRDA:81,23,0,2
BRDA:81,23,1,2
BRDA:81,23,2,1
BRDA:91,24,0,11
BRDA:91,24,1,1
BRDA:111,25,0,2
BRDA:111,25,1,3
BRDA:112,26,0,2
BRDA:112,26,1,1
BRDA:129,27,0,1
BRDA:129,27,1,0
BRDA:129,28,0,1
BRDA:129,28,1,1
BRDA:130,29,0,0
BRDA:130,29,1,1
BRF:62
BRH:59
end_of_record
TN:
SF:src/server/deck.ts
FN:30,parseLinks
FN:46,toPositiveInt
FN:64,buildDeck
FN:94,escapeDeckJson
FN:102,injectDeck
FNF:5
FNH:5
FNDA:22,parseLinks
FNDA:24,toPositiveInt
FNDA:17,buildDeck
FNDA:14,escapeDeckJson
FNDA:6,injectDeck
DA:30,2
DA:31,22
DA:32,18
DA:33,18
DA:34,18
DA:35,32
DA:36,32
DA:37,29
DA:38,24
DA:42,18
DA:46,2
DA:47,24
DA:48,24
DA:49,13
DA:64,2
DA:65,17
DA:66,7
DA:77,10
DA:94,2
DA:95,14
DA:99,2
DA:102,2
DA:103,6
DA:104,6
DA:105,1
DA:107,5
LF:26
LH:26
BRDA:31,0,0,4
BRDA:31,0,1,18
BRDA:31,1,0,22
BRDA:31,1,1,18
BRDA:36,2,0,3
BRDA:36,2,1,29
BRDA:36,3,0,32
BRDA:36,3,1,30
BRDA:37,4,0,24
BRDA:37,4,1,5
BRDA:37,5,0,29
BRDA:37,5,1,20
BRDA:37,5,2,15
BRDA:47,6,0,15
BRDA:47,6,1,9
BRDA:47,7,0,0
BRDA:47,7,1,9
BRDA:48,8,0,11
BRDA:48,8,1,13
BRDA:48,9,0,24
BRDA:48,9,1,14
BRDA:65,10,0,7
BRDA:65,10,1,10
BRDA:79,11,0,10
BRDA:79,11,1,1
BRDA:80,12,0,10
BRDA:80,12,1,4
BRDA:80,12,2,1
BRDA:84,13,0,10
BRDA:84,13,1,4
BRDA:85,14,0,10
BRDA:85,14,1,4
BRDA:104,15,0,1
BRDA:104,15,1,5
BRF:34
BRH:33
end_of_record
TN:
SF:src/server/handlers.src.ts
FN:16,slideshowFieldsFor
FN:37,userSysIdFor
FN:46,deckForScreen
FN:59,pathParam
FN:68,queryParam
FN:78,writeJson
FN:84,writeHtml
FN:91,servePlayerHtml
FN:111,serveDeckJson
FNF:9
FNH:9
FNDA:8,slideshowFieldsFor
FNDA:10,userSysIdFor
FNDA:11,deckForScreen
FNDA:21,pathParam
FNDA:4,queryParam
FNDA:8,writeJson
FNDA:3,writeHtml
FNDA:4,servePlayerHtml
FNDA:8,serveDeckJson
DA:11,1
DA:12,1
DA:13,1
DA:17,8
DA:18,8
DA:19,8
DA:20,8
DA:21,8
DA:22,8
DA:23,6
DA:33,2
DA:38,10
DA:39,10
DA:40,10
DA:41,10
DA:42,8
DA:47,11
DA:49,11
DA:50,10
DA:52,1
DA:53,1
DA:55,9
DA:56,9
DA:60,21
DA:61,21
DA:62,21
DA:64,0
DA:69,4
DA:70,4
DA:71,4
DA:72,3
DA:74,0
DA:79,8
DA:80,8
DA:81,8
DA:85,3
DA:86,3
DA:87,3
DA:91,1
DA:92,4
DA:94,4
DA:95,1
DA:96,1
DA:98,3
DA:99,3
DA:101,1
DA:103,1
DA:105,0
DA:111,1
DA:112,8
DA:115,8
DA:116,8
DA:118,1
DA:119,1
DA:121,0
LF:55
LH:51
BRDA:22,0,0,6
BRDA:22,0,1,2
BRDA:30,1,0,6
BRDA:30,1,1,6
BRDA:42,2,0,7
BRDA:42,2,1,1
BRDA:47,3,0,10
BRDA:47,3,1,1
BRDA:49,4,0,10
BRDA:49,4,1,1
BRDA:55,5,0,8
BRDA:55,5,1,1
BRDA:61,6,0,21
BRDA:61,6,1,21
BRDA:62,7,0,18
BRDA:62,7,1,3
BRDA:70,8,0,4
BRDA:70,8,1,4
BRDA:71,9,0,1
BRDA:71,9,1,3
BRDA:72,10,0,1
BRDA:72,10,1,2
BRDA:94,11,0,1
BRDA:94,11,1,3
BRDA:103,12,0,1
BRDA:103,12,1,0
BRDA:112,13,0,4
BRDA:112,13,1,4
BRDA:112,14,0,8
BRDA:112,14,1,5
BRDA:119,15,0,1
BRDA:119,15,1,0
BRF:32
BRH:30
end_of_record
